{"level":"error","message":"Login failed: Unsupported data type","timestamp":"2025-05-23T10:13:54.356Z"}
{"level":"info","message":"New client added with ID: 100001","timestamp":"2025-05-28T07:29:42.107Z"}
{"level":"error","message":"Another Client is Registered with this email","timestamp":"2025-05-28T07:34:23.812Z"}
{"level":"error","message":"Another Client is Registered with this email","timestamp":"2025-05-28T07:38:19.816Z"}
{"level":"error","message":"Error adding client: amount is not defined","stack":"ReferenceError: amount is not defined\n    at AddClient (file:///D:/Company/trexsoftware/trexserver/src/controllers/client.js:49:28)\n    at process.processTicksAndRejections (node:internal/process/task_queues:95:5)","timestamp":"2025-05-28T07:38:43.889Z"}
{"level":"info","message":"New client added with ID: 100001","timestamp":"2025-05-28T07:39:28.690Z"}
{"level":"info","message":"New client added with ID: 100001","timestamp":"2025-05-28T07:49:43.692Z"}
{"level":"error","timestamp":"2025-05-28T09:32:43.573Z"}
{"level":"error","timestamp":"2025-05-28T09:32:43.590Z"}
{"level":"error","timestamp":"2025-05-28T09:35:24.201Z"}
{"level":"error","timestamp":"2025-05-28T09:35:24.219Z"}
{"level":"info","message":"New client added with ID: 100001","timestamp":"2025-05-28T09:37:34.766Z"}
{"level":"error","timestamp":"2025-05-28T09:37:44.239Z"}
{"level":"error","timestamp":"2025-05-28T09:37:44.255Z"}
{"level":"error","timestamp":"2025-05-28T09:37:53.838Z"}
{"level":"error","timestamp":"2025-05-28T09:37:53.855Z"}
{"level":"error","message":"Required Fields are Missing","timestamp":"2025-05-28T10:58:25.049Z"}
{"level":"error","message":"Required Fields are Missing","timestamp":"2025-05-28T11:08:39.745Z"}
{"level":"info","message":"Client updated successfully with ID: 100001","timestamp":"2025-05-28T11:09:14.876Z"}
{"level":"info","message":"New client added with ID: 100001","timestamp":"2025-05-28T11:31:42.998Z"}
{"level":"info","message":"Client updated successfully with ID: 100001","timestamp":"2025-05-28T11:31:50.680Z"}
{"level":"info","message":"Client updated successfully with ID: 100001","timestamp":"2025-05-28T11:34:54.739Z"}
{"level":"info","message":"Client updated successfully with ID: 100001","timestamp":"2025-05-28T11:43:08.973Z"}
{"level":"info","message":"Client updated successfully with ID: 100001","timestamp":"2025-05-28T11:43:23.453Z"}
{"level":"info","message":"Client updated successfully with ID: 100001","timestamp":"2025-05-28T11:43:38.681Z"}
{"level":"info","message":"New client added with ID: 100001","timestamp":"2025-06-16T05:45:26.305Z"}
{"level":"info","message":"New client added with ID: 100002","timestamp":"2025-06-16T05:47:45.805Z"}
{"level":"info","message":"Client updated successfully with ID: 100001","timestamp":"2025-06-16T05:48:10.409Z"}
{"level":"info","message":"New client added with ID: 100001","timestamp":"2025-06-16T05:58:56.755Z"}
{"level":"info","message":"New client added with ID: 100002","timestamp":"2025-06-16T05:59:39.416Z"}
{"level":"info","message":"Client updated successfully with ID: 100001","timestamp":"2025-06-16T05:59:54.201Z"}
{"level":"error","message":"Error adding client: db.useDb is not a function","stack":"TypeError: db.useDb is not a function\n    at AddClient (file:///D:/Company/trexsoftware/trexserver/src/controllers/client.js:58:25)\n    at process.processTicksAndRejections (node:internal/process/task_queues:95:5)","timestamp":"2025-06-16T06:24:39.010Z"}
{"level":"error","message":"Another Client is Registered with this email","timestamp":"2025-06-16T06:25:03.341Z"}
{"level":"error","message":"Another Client is Registered with this email","timestamp":"2025-06-16T06:25:24.556Z"}
{"level":"error","message":"Another Client is Registered with this email","timestamp":"2025-06-16T06:26:08.335Z"}
{"level":"info","message":"New client added with ID: 100001","timestamp":"2025-06-16T06:30:26.521Z"}
{"level":"info","message":"New client added with ID: 100001","timestamp":"2025-06-16T06:33:24.524Z"}
{"level":"info","message":"New client added with ID: 100001","timestamp":"2025-06-16T06:58:05.506Z"}
{"level":"info","message":"New client added with ID: 100001","timestamp":"2025-06-16T07:05:21.252Z"}
{"level":"info","message":"New client added with ID: 100001","timestamp":"2025-06-16T07:37:46.875Z"}
{"level":"info","message":"New client added with ID: 100002","timestamp":"2025-06-18T07:04:06.272Z"}
